<?xml version="1.0" encoding="UTF-8" ?>
<testsuites>
  <testsuite errors="0" failures="0" hostname="java-devops" id="0" name="BookTest" package="com.virtualpairprogrammers.domain" skipped="0" tests="2" time="0.044" timestamp="2018-02-22T16:51:44">
      <properties>
[...]
</properties>

      <testcase classname="com.virtualpairprogrammers.domain.BookTest" name="testConvertingToString" time="0.004" />

      <testcase classname="com.virtualpairprogrammers.domain.BookTest" name="testBooksWithTheSameIsbnAreConsideredEqual" time="0.0" />

      <system-out><![CDATA[]]></system-out>

      <system-err><![CDATA[]]></system-err>

  </testsuite>
  <testsuite errors="0" failures="0" hostname="java-devops" id="1" name="OrderTest" package="com.virtualpairprogrammers.domain" skipped="0" tests="1" time="0.014" timestamp="2018-02-22T16:51:44">
      <properties>
[...]
</properties>

      <testcase classname="com.virtualpairprogrammers.domain.OrderTest" name="testOrdersCreatedOk" time="0.002" />

      <system-out><![CDATA[]]></system-out>

      <system-err><![CDATA[]]></system-err>

  </testsuite>
</testsuites>
