<?xml version="1.0" encoding="UTF-8" ?>
<testsuite errors="0" failures="0" hostname="java-devops" name="com.virtualpairprogrammers.domain.BookTest" skipped="0" tests="2" time="0.015" timestamp="2018-02-22T20:11:01">
  <properties>
[...]
</properties>
  <testcase classname="com.virtualpairprogrammers.domain.BookTest" name="testConvertingToString" time="0.001" />
  <testcase classname="com.virtualpairprogrammers.domain.BookTest" name="testBooksWithTheSameIsbnAreConsideredEqual" time="0.0" />
  <system-out><![CDATA[]]></system-out>
  <system-err><![CDATA[]]></system-err>
</testsuite>
